<?xml version="1.0" encoding="UTF-8"?>
<!-- Generated by org.testng.reporters.JUnitReportReporter -->
<testsuite skipped="0" hostname="DESKTOP-QQ13QPA" name="factory.FactoryPatternTest" tests="1" failures="0" timestamp="27 Nov 2020 16:25:06 GMT" time="23.776" errors="0">
  <testcase name="testMeth" time="23.776" classname="factory.FactoryPatternTest"/>
</testsuite> <!-- factory.FactoryPatternTest -->
